mode: atomic
github.com/atlas-lang/atlas-dev/cmd/atlas-dev/main.go:24.13,30.68 1 0
github.com/atlas-lang/atlas-dev/cmd/atlas-dev/main.go:30.68,33.13 2 0
github.com/atlas-lang/atlas-dev/cmd/atlas-dev/main.go:33.13,35.5 1 0
github.com/atlas-lang/atlas-dev/cmd/atlas-dev/main.go:36.4,42.31 3 0
github.com/atlas-lang/atlas-dev/cmd/atlas-dev/main.go:42.31,44.5 1 0
github.com/atlas-lang/atlas-dev/cmd/atlas-dev/main.go:46.4,48.18 3 0
github.com/atlas-lang/atlas-dev/cmd/atlas-dev/main.go:48.18,50.5 1 0
github.com/atlas-lang/atlas-dev/cmd/atlas-dev/main.go:52.4,52.14 1 0
github.com/atlas-lang/atlas-dev/cmd/atlas-dev/main.go:54.69,56.23 1 0
github.com/atlas-lang/atlas-dev/cmd/atlas-dev/main.go:56.23,58.5 1 0
github.com/atlas-lang/atlas-dev/cmd/atlas-dev/main.go:59.4,59.14 1 0
github.com/atlas-lang/atlas-dev/cmd/atlas-dev/main.go:64.2,71.42 5 0
github.com/atlas-lang/atlas-dev/cmd/atlas-dev/main.go:71.42,73.3 1 0
github.com/atlas-lang/atlas-dev/cmd/atlas-dev/main.go:76.34,80.48 1 0
github.com/atlas-lang/atlas-dev/cmd/atlas-dev/main.go:80.48,84.19 1 0
github.com/atlas-lang/atlas-dev/cmd/atlas-dev/main.go:84.19,86.5 1 0
github.com/atlas-lang/atlas-dev/cmd/atlas-dev/migrate.go:10.34,21.2 4 0
github.com/atlas-lang/atlas-dev/cmd/atlas-dev/migrate.go:23.40,28.55 1 0
github.com/atlas-lang/atlas-dev/cmd/atlas-dev/migrate.go:28.55,30.48 1 0
github.com/atlas-lang/atlas-dev/cmd/atlas-dev/migrate.go:30.48,32.5 1 0
github.com/atlas-lang/atlas-dev/cmd/atlas-dev/migrate.go:34.4,38.6 1 0
github.com/atlas-lang/atlas-dev/cmd/atlas-dev/migrate.go:43.43,49.55 1 0
github.com/atlas-lang/atlas-dev/cmd/atlas-dev/migrate.go:49.55,55.4 1 0
github.com/atlas-lang/atlas-dev/internal/audit/log.go:12.91,15.16 2 0
github.com/atlas-lang/atlas-dev/internal/audit/log.go:15.16,17.3 1 0
github.com/atlas-lang/atlas-dev/internal/audit/log.go:19.2,20.16 2 0
github.com/atlas-lang/atlas-dev/internal/audit/log.go:20.16,28.3 2 0
github.com/atlas-lang/atlas-dev/internal/audit/log.go:30.2,36.12 2 0
github.com/atlas-lang/atlas-dev/internal/audit/log.go:40.126,43.16 2 0
github.com/atlas-lang/atlas-dev/internal/audit/log.go:43.16,45.3 1 0
github.com/atlas-lang/atlas-dev/internal/audit/log.go:47.2,48.16 2 0
github.com/atlas-lang/atlas-dev/internal/audit/log.go:48.16,57.3 2 0
github.com/atlas-lang/atlas-dev/internal/audit/log.go:59.2,66.12 2 0
github.com/atlas-lang/atlas-dev/internal/audit/log.go:70.66,77.16 2 0
github.com/atlas-lang/atlas-dev/internal/audit/log.go:77.16,79.3 1 0
github.com/atlas-lang/atlas-dev/internal/audit/log.go:80.2,80.15 1 0
github.com/atlas-lang/atlas-dev/internal/audit/log.go:80.15,80.35 1 0
github.com/atlas-lang/atlas-dev/internal/audit/log.go:82.2,83.18 2 0
github.com/atlas-lang/atlas-dev/internal/audit/log.go:83.18,88.17 2 0
github.com/atlas-lang/atlas-dev/internal/audit/log.go:88.17,90.4 1 0
github.com/atlas-lang/atlas-dev/internal/audit/log.go:91.3,91.31 1 0
github.com/atlas-lang/atlas-dev/internal/audit/log.go:94.2,94.28 1 0
github.com/atlas-lang/atlas-dev/internal/output/error.go:22.35,27.9 3 8
github.com/atlas-lang/atlas-dev/internal/output/error.go:28.43,29.22 1 1
github.com/atlas-lang/atlas-dev/internal/output/error.go:30.46,31.22 1 1
github.com/atlas-lang/atlas-dev/internal/output/error.go:32.46,33.22 1 1
github.com/atlas-lang/atlas-dev/internal/output/error.go:34.45,35.22 1 1
github.com/atlas-lang/atlas-dev/internal/output/error.go:36.46,37.28 1 1
github.com/atlas-lang/atlas-dev/internal/output/error.go:38.43,39.28 1 1
github.com/atlas-lang/atlas-dev/internal/output/error.go:40.43,41.28 1 1
github.com/atlas-lang/atlas-dev/internal/output/error.go:42.44,43.24 1 1
github.com/atlas-lang/atlas-dev/internal/output/error.go:47.2,49.13 2 8
github.com/atlas-lang/atlas-dev/internal/output/error.go:53.23,56.2 2 0
github.com/atlas-lang/atlas-dev/internal/output/json.go:9.49,20.2 5 1
github.com/atlas-lang/atlas-dev/internal/output/json.go:23.61,30.28 2 9
github.com/atlas-lang/atlas-dev/internal/output/json.go:30.28,32.3 1 1
github.com/atlas-lang/atlas-dev/internal/output/json.go:35.2,40.32 4 9
github.com/atlas-lang/atlas-dev/internal/output/json.go:44.67,46.22 2 15
github.com/atlas-lang/atlas-dev/internal/output/json.go:46.22,47.18 1 32
github.com/atlas-lang/atlas-dev/internal/output/json.go:47.18,49.4 1 28
github.com/atlas-lang/atlas-dev/internal/output/json.go:51.2,51.15 1 15
github.com/atlas-lang/atlas-dev/internal/output/json.go:55.34,56.14 1 40
github.com/atlas-lang/atlas-dev/internal/output/json.go:56.14,58.3 1 2
github.com/atlas-lang/atlas-dev/internal/output/json.go:60.2,60.25 1 38
github.com/atlas-lang/atlas-dev/internal/output/json.go:61.14,62.19 1 17
github.com/atlas-lang/atlas-dev/internal/output/json.go:63.21,64.23 1 3
github.com/atlas-lang/atlas-dev/internal/output/json.go:65.30,66.23 1 2
github.com/atlas-lang/atlas-dev/internal/output/json.go:67.10,68.15 1 16
github.com/atlas-lang/atlas-dev/internal/db/db.go:21.36,25.16 2 30
github.com/atlas-lang/atlas-dev/internal/db/db.go:25.16,27.3 1 0
github.com/atlas-lang/atlas-dev/internal/db/db.go:30.2,33.36 2 30
github.com/atlas-lang/atlas-dev/internal/db/db.go:33.36,35.3 1 0
github.com/atlas-lang/atlas-dev/internal/db/db.go:37.2,45.29 4 30
github.com/atlas-lang/atlas-dev/internal/db/db.go:45.29,47.38 1 0
github.com/atlas-lang/atlas-dev/internal/db/db.go:47.38,50.4 2 0
github.com/atlas-lang/atlas-dev/internal/db/db.go:51.3,51.67 1 0
github.com/atlas-lang/atlas-dev/internal/db/db.go:54.2,56.16 2 30
github.com/atlas-lang/atlas-dev/internal/db/db.go:60.31,62.2 1 28
github.com/atlas-lang/atlas-dev/internal/db/db.go:65.31,109.35 2 28
github.com/atlas-lang/atlas-dev/internal/db/db.go:109.35,111.17 2 308
github.com/atlas-lang/atlas-dev/internal/db/db.go:111.17,113.4 1 0
github.com/atlas-lang/atlas-dev/internal/db/db.go:114.3,114.24 1 308
github.com/atlas-lang/atlas-dev/internal/db/db.go:117.2,119.12 2 28
github.com/atlas-lang/atlas-dev/internal/db/db.go:123.29,125.35 1 30
github.com/atlas-lang/atlas-dev/internal/db/db.go:125.35,126.38 1 308
github.com/atlas-lang/atlas-dev/internal/db/db.go:126.38,128.4 1 0
github.com/atlas-lang/atlas-dev/internal/db/db.go:132.2,132.20 1 30
github.com/atlas-lang/atlas-dev/internal/db/db.go:132.20,135.3 2 30
github.com/atlas-lang/atlas-dev/internal/db/db.go:136.2,136.12 1 0
github.com/atlas-lang/atlas-dev/internal/db/db.go:140.56,145.2 3 5
github.com/atlas-lang/atlas-dev/internal/db/db.go:160.48,178.16 7 2
github.com/atlas-lang/atlas-dev/internal/db/db.go:178.16,179.27 1 1
github.com/atlas-lang/atlas-dev/internal/db/db.go:179.27,181.4 1 1
github.com/atlas-lang/atlas-dev/internal/db/db.go:182.3,182.18 1 0
github.com/atlas-lang/atlas-dev/internal/db/db.go:185.2,185.16 1 1
github.com/atlas-lang/atlas-dev/internal/db/db.go:189.59,207.16 7 2
github.com/atlas-lang/atlas-dev/internal/db/db.go:207.16,208.27 1 1
github.com/atlas-lang/atlas-dev/internal/db/db.go:208.27,210.4 1 1
github.com/atlas-lang/atlas-dev/internal/db/db.go:211.3,211.18 1 0
github.com/atlas-lang/atlas-dev/internal/db/db.go:214.2,214.16 1 1
github.com/atlas-lang/atlas-dev/internal/db/db.go:229.59,247.16 7 5
github.com/atlas-lang/atlas-dev/internal/db/db.go:247.16,248.27 1 1
github.com/atlas-lang/atlas-dev/internal/db/db.go:248.27,250.4 1 1
github.com/atlas-lang/atlas-dev/internal/db/db.go:251.3,251.18 1 0
github.com/atlas-lang/atlas-dev/internal/db/db.go:254.2,254.16 1 4
github.com/atlas-lang/atlas-dev/internal/db/db.go:258.55,266.16 3 1
github.com/atlas-lang/atlas-dev/internal/db/db.go:266.16,268.3 1 0
github.com/atlas-lang/atlas-dev/internal/db/db.go:269.2,269.15 1 1
github.com/atlas-lang/atlas-dev/internal/db/db.go:269.15,269.35 1 1
github.com/atlas-lang/atlas-dev/internal/db/db.go:271.2,272.18 2 1
github.com/atlas-lang/atlas-dev/internal/db/db.go:272.18,277.17 2 9
github.com/atlas-lang/atlas-dev/internal/db/db.go:277.17,279.4 1 0
github.com/atlas-lang/atlas-dev/internal/db/db.go:280.3,280.38 1 9
github.com/atlas-lang/atlas-dev/internal/db/db.go:283.2,290.31 3 1
github.com/atlas-lang/atlas-dev/internal/db/db.go:301.58,314.16 7 1
github.com/atlas-lang/atlas-dev/internal/db/db.go:314.16,316.3 1 0
github.com/atlas-lang/atlas-dev/internal/db/db.go:318.2,318.16 1 1
github.com/atlas-lang/atlas-dev/internal/db/db.go:322.55,327.16 4 8
github.com/atlas-lang/atlas-dev/internal/db/db.go:327.16,328.27 1 1
github.com/atlas-lang/atlas-dev/internal/db/db.go:328.27,330.4 1 0
github.com/atlas-lang/atlas-dev/internal/db/db.go:331.3,331.17 1 1
github.com/atlas-lang/atlas-dev/internal/db/db.go:334.2,334.19 1 7
github.com/atlas-lang/atlas-dev/internal/db/db.go:338.52,343.2 3 1
github.com/atlas-lang/atlas-dev/internal/db/db.go:346.100,351.2 3 1
github.com/atlas-lang/atlas-dev/internal/db/db.go:354.75,356.2 1 1
github.com/atlas-lang/atlas-dev/internal/db/db.go:359.68,361.2 1 2
github.com/atlas-lang/atlas-dev/internal/db/db.go:364.75,366.2 1 1
github.com/atlas-lang/atlas-dev/internal/db/schema.go:327.34,328.56 1 28
github.com/atlas-lang/atlas-dev/internal/db/schema.go:328.56,330.47 1 28
github.com/atlas-lang/atlas-dev/internal/db/schema.go:330.47,332.4 1 0
github.com/atlas-lang/atlas-dev/internal/db/schema.go:335.3,335.45 1 28
github.com/atlas-lang/atlas-dev/internal/db/schema.go:335.45,337.4 1 0
github.com/atlas-lang/atlas-dev/internal/db/schema.go:339.3,339.13 1 28
github.com/atlas-lang/atlas-dev/internal/db/schema.go:342.2,342.16 1 28
github.com/atlas-lang/atlas-dev/internal/db/schema.go:342.16,344.3 1 0
github.com/atlas-lang/atlas-dev/internal/db/schema.go:347.2,347.21 1 28
github.com/atlas-lang/atlas-dev/internal/db/testing.go:8.34,13.16 3 27
github.com/atlas-lang/atlas-dev/internal/db/testing.go:13.16,15.3 1 0
github.com/atlas-lang/atlas-dev/internal/db/testing.go:18.2,18.40 1 27
github.com/atlas-lang/atlas-dev/internal/db/testing.go:18.40,20.3 1 0
github.com/atlas-lang/atlas-dev/internal/db/testing.go:23.2,23.19 1 27
github.com/atlas-lang/atlas-dev/internal/db/testing.go:23.19,25.3 1 27
github.com/atlas-lang/atlas-dev/internal/db/testing.go:27.2,27.11 1 27
github.com/atlas-lang/atlas-dev/internal/db/testing.go:31.77,38.16 3 6
github.com/atlas-lang/atlas-dev/internal/db/testing.go:38.16,40.3 1 0
github.com/atlas-lang/atlas-dev/internal/db/testing.go:42.2,43.11 2 6
github.com/atlas-lang/atlas-dev/internal/db/testing.go:47.90,54.16 3 2
github.com/atlas-lang/atlas-dev/internal/db/testing.go:54.16,56.3 1 0
github.com/atlas-lang/atlas-dev/internal/db/transaction.go:15.66,17.16 2 34
github.com/atlas-lang/atlas-dev/internal/db/transaction.go:17.16,19.3 1 0
github.com/atlas-lang/atlas-dev/internal/db/transaction.go:21.2,24.15 2 34
github.com/atlas-lang/atlas-dev/internal/db/transaction.go:24.15,25.31 1 34
github.com/atlas-lang/atlas-dev/internal/db/transaction.go:25.31,27.12 2 1
github.com/atlas-lang/atlas-dev/internal/db/transaction.go:32.2,33.16 2 34
github.com/atlas-lang/atlas-dev/internal/db/transaction.go:33.16,36.3 2 1
github.com/atlas-lang/atlas-dev/internal/db/transaction.go:39.2,39.36 1 32
github.com/atlas-lang/atlas-dev/internal/db/transaction.go:39.36,41.3 1 0
github.com/atlas-lang/atlas-dev/internal/db/transaction.go:43.2,43.12 1 32
github.com/atlas-lang/atlas-dev/internal/db/transaction.go:47.83,49.2 1 63
github.com/atlas-lang/atlas-dev/internal/db/transaction.go:52.76,54.2 1 1
github.com/atlas-lang/atlas-dev/internal/db/transaction.go:57.83,59.2 1 0
github.com/atlas-lang/atlas-dev/internal/lock/filelock.go:23.46,27.34 3 8
github.com/atlas-lang/atlas-dev/internal/lock/filelock.go:27.34,30.17 2 60
github.com/atlas-lang/atlas-dev/internal/lock/filelock.go:30.17,43.4 5 7
github.com/atlas-lang/atlas-dev/internal/lock/filelock.go:46.3,46.22 1 53
github.com/atlas-lang/atlas-dev/internal/lock/filelock.go:46.22,47.40 1 53
github.com/atlas-lang/atlas-dev/internal/lock/filelock.go:47.40,49.5 1 0
github.com/atlas-lang/atlas-dev/internal/lock/filelock.go:50.4,51.12 2 53
github.com/atlas-lang/atlas-dev/internal/lock/filelock.go:55.3,55.64 1 0
github.com/atlas-lang/atlas-dev/internal/lock/filelock.go:58.2,58.93 1 1
github.com/atlas-lang/atlas-dev/internal/lock/filelock.go:62.37,63.20 1 7
github.com/atlas-lang/atlas-dev/internal/lock/filelock.go:63.20,65.3 1 7
github.com/atlas-lang/atlas-dev/internal/lock/filelock.go:67.2,68.39 2 7
github.com/atlas-lang/atlas-dev/internal/lock/filelock.go:68.39,70.3 1 0
github.com/atlas-lang/atlas-dev/internal/lock/filelock.go:72.2,73.12 2 7
github.com/atlas-lang/atlas-dev/internal/lock/filelock.go:77.51,79.16 2 2
github.com/atlas-lang/atlas-dev/internal/lock/filelock.go:79.16,81.3 1 0
github.com/atlas-lang/atlas-dev/internal/lock/filelock.go:82.2,82.15 1 2
github.com/atlas-lang/atlas-dev/internal/lock/filelock.go:82.15,82.37 1 2
github.com/atlas-lang/atlas-dev/internal/lock/filelock.go:84.2,84.13 1 2
