mode: set
github.com/atlas-lang/atlas-dev/internal/db/db.go:21.36,25.16 2 1
github.com/atlas-lang/atlas-dev/internal/db/db.go:25.16,27.3 1 0
github.com/atlas-lang/atlas-dev/internal/db/db.go:30.2,33.36 2 1
github.com/atlas-lang/atlas-dev/internal/db/db.go:33.36,35.3 1 0
github.com/atlas-lang/atlas-dev/internal/db/db.go:37.2,45.29 4 1
github.com/atlas-lang/atlas-dev/internal/db/db.go:45.29,47.38 1 0
github.com/atlas-lang/atlas-dev/internal/db/db.go:47.38,50.4 2 0
github.com/atlas-lang/atlas-dev/internal/db/db.go:51.3,51.67 1 0
github.com/atlas-lang/atlas-dev/internal/db/db.go:54.2,56.16 2 1
github.com/atlas-lang/atlas-dev/internal/db/db.go:60.31,62.2 1 1
github.com/atlas-lang/atlas-dev/internal/db/db.go:65.31,109.35 2 1
github.com/atlas-lang/atlas-dev/internal/db/db.go:109.35,111.17 2 1
github.com/atlas-lang/atlas-dev/internal/db/db.go:111.17,113.4 1 0
github.com/atlas-lang/atlas-dev/internal/db/db.go:114.3,114.24 1 1
github.com/atlas-lang/atlas-dev/internal/db/db.go:117.2,119.12 2 1
github.com/atlas-lang/atlas-dev/internal/db/db.go:123.29,125.35 1 1
github.com/atlas-lang/atlas-dev/internal/db/db.go:125.35,126.38 1 1
github.com/atlas-lang/atlas-dev/internal/db/db.go:126.38,128.4 1 0
github.com/atlas-lang/atlas-dev/internal/db/db.go:132.2,132.20 1 1
github.com/atlas-lang/atlas-dev/internal/db/db.go:132.20,135.3 2 1
github.com/atlas-lang/atlas-dev/internal/db/db.go:136.2,136.12 1 0
github.com/atlas-lang/atlas-dev/internal/db/db.go:140.56,145.2 3 1
github.com/atlas-lang/atlas-dev/internal/db/db.go:160.48,178.16 7 1
github.com/atlas-lang/atlas-dev/internal/db/db.go:178.16,179.27 1 1
github.com/atlas-lang/atlas-dev/internal/db/db.go:179.27,181.4 1 1
github.com/atlas-lang/atlas-dev/internal/db/db.go:182.3,182.18 1 0
github.com/atlas-lang/atlas-dev/internal/db/db.go:185.2,185.16 1 1
github.com/atlas-lang/atlas-dev/internal/db/db.go:189.59,207.16 7 1
github.com/atlas-lang/atlas-dev/internal/db/db.go:207.16,208.27 1 1
github.com/atlas-lang/atlas-dev/internal/db/db.go:208.27,210.4 1 1
github.com/atlas-lang/atlas-dev/internal/db/db.go:211.3,211.18 1 0
github.com/atlas-lang/atlas-dev/internal/db/db.go:214.2,214.16 1 1
github.com/atlas-lang/atlas-dev/internal/db/db.go:229.59,247.16 7 1
github.com/atlas-lang/atlas-dev/internal/db/db.go:247.16,248.27 1 1
github.com/atlas-lang/atlas-dev/internal/db/db.go:248.27,250.4 1 1
github.com/atlas-lang/atlas-dev/internal/db/db.go:251.3,251.18 1 0
github.com/atlas-lang/atlas-dev/internal/db/db.go:254.2,254.16 1 1
github.com/atlas-lang/atlas-dev/internal/db/db.go:258.55,266.16 3 1
github.com/atlas-lang/atlas-dev/internal/db/db.go:266.16,268.3 1 0
github.com/atlas-lang/atlas-dev/internal/db/db.go:269.2,272.18 3 1
github.com/atlas-lang/atlas-dev/internal/db/db.go:272.18,277.17 2 1
github.com/atlas-lang/atlas-dev/internal/db/db.go:277.17,279.4 1 0
github.com/atlas-lang/atlas-dev/internal/db/db.go:280.3,280.38 1 1
github.com/atlas-lang/atlas-dev/internal/db/db.go:283.2,290.31 3 1
github.com/atlas-lang/atlas-dev/internal/db/db.go:301.58,314.16 7 1
github.com/atlas-lang/atlas-dev/internal/db/db.go:314.16,316.3 1 0
github.com/atlas-lang/atlas-dev/internal/db/db.go:318.2,318.16 1 1
github.com/atlas-lang/atlas-dev/internal/db/db.go:322.55,327.16 4 1
github.com/atlas-lang/atlas-dev/internal/db/db.go:327.16,328.27 1 1
github.com/atlas-lang/atlas-dev/internal/db/db.go:328.27,330.4 1 0
github.com/atlas-lang/atlas-dev/internal/db/db.go:331.3,331.17 1 1
github.com/atlas-lang/atlas-dev/internal/db/db.go:334.2,334.19 1 1
github.com/atlas-lang/atlas-dev/internal/db/db.go:338.52,343.2 3 1
github.com/atlas-lang/atlas-dev/internal/db/db.go:346.100,351.2 3 1
github.com/atlas-lang/atlas-dev/internal/db/db.go:354.75,356.2 1 1
github.com/atlas-lang/atlas-dev/internal/db/db.go:359.68,361.2 1 1
github.com/atlas-lang/atlas-dev/internal/db/db.go:364.75,366.2 1 1
github.com/atlas-lang/atlas-dev/internal/db/schema.go:327.34,328.56 1 1
github.com/atlas-lang/atlas-dev/internal/db/schema.go:328.56,330.47 1 1
github.com/atlas-lang/atlas-dev/internal/db/schema.go:330.47,332.4 1 0
github.com/atlas-lang/atlas-dev/internal/db/schema.go:335.3,335.45 1 1
github.com/atlas-lang/atlas-dev/internal/db/schema.go:335.45,337.4 1 0
github.com/atlas-lang/atlas-dev/internal/db/schema.go:339.3,339.13 1 1
github.com/atlas-lang/atlas-dev/internal/db/schema.go:342.2,342.16 1 1
github.com/atlas-lang/atlas-dev/internal/db/schema.go:342.16,344.3 1 0
github.com/atlas-lang/atlas-dev/internal/db/schema.go:347.2,347.21 1 1
github.com/atlas-lang/atlas-dev/internal/db/testing.go:8.34,13.16 3 1
github.com/atlas-lang/atlas-dev/internal/db/testing.go:13.16,15.3 1 0
github.com/atlas-lang/atlas-dev/internal/db/testing.go:18.2,18.40 1 1
github.com/atlas-lang/atlas-dev/internal/db/testing.go:18.40,20.3 1 0
github.com/atlas-lang/atlas-dev/internal/db/testing.go:23.2,23.19 1 1
github.com/atlas-lang/atlas-dev/internal/db/testing.go:23.19,25.3 1 1
github.com/atlas-lang/atlas-dev/internal/db/testing.go:27.2,27.11 1 1
github.com/atlas-lang/atlas-dev/internal/db/testing.go:31.77,38.16 3 1
github.com/atlas-lang/atlas-dev/internal/db/testing.go:38.16,40.3 1 0
github.com/atlas-lang/atlas-dev/internal/db/testing.go:42.2,43.11 2 1
github.com/atlas-lang/atlas-dev/internal/db/testing.go:47.90,54.16 3 1
github.com/atlas-lang/atlas-dev/internal/db/testing.go:54.16,56.3 1 0
github.com/atlas-lang/atlas-dev/internal/db/transaction.go:15.66,17.16 2 1
github.com/atlas-lang/atlas-dev/internal/db/transaction.go:17.16,19.3 1 0
github.com/atlas-lang/atlas-dev/internal/db/transaction.go:21.2,24.15 2 1
github.com/atlas-lang/atlas-dev/internal/db/transaction.go:24.15,25.31 1 1
github.com/atlas-lang/atlas-dev/internal/db/transaction.go:25.31,27.12 2 1
github.com/atlas-lang/atlas-dev/internal/db/transaction.go:32.2,33.16 2 1
github.com/atlas-lang/atlas-dev/internal/db/transaction.go:33.16,36.3 2 1
github.com/atlas-lang/atlas-dev/internal/db/transaction.go:39.2,39.36 1 1
github.com/atlas-lang/atlas-dev/internal/db/transaction.go:39.36,41.3 1 0
github.com/atlas-lang/atlas-dev/internal/db/transaction.go:43.2,43.12 1 1
github.com/atlas-lang/atlas-dev/internal/db/transaction.go:47.83,49.2 1 1
github.com/atlas-lang/atlas-dev/internal/db/transaction.go:52.76,54.2 1 1
github.com/atlas-lang/atlas-dev/internal/db/transaction.go:57.83,59.2 1 0
